<?xml version="1.0" encoding="UTF-8"?>
<testng-results ignored="0" total="1" passed="1" failed="0" skipped="0">
  <reporter-output>
  </reporter-output>
  <suite started-at="2023-03-01T20:01:16 CST" name="Default suite" finished-at="2023-03-01T20:01:59 CST" duration-ms="42741">
    <groups>
    </groups>
    <test started-at="2023-03-01T20:01:16 CST" name="Default test" finished-at="2023-03-01T20:01:59 CST" duration-ms="42741">
      <class name="Login.Login">
        <test-method signature="LoginToWebsite()[pri:0, instance:Login.Login@57cf54e1]" started-at="2023-03-01T20:01:16 CST" name="LoginToWebsite" finished-at="2023-03-01T20:01:59 CST" duration-ms="42693" status="PASS">
          <reporter-output>
          </reporter-output>
        </test-method> <!-- LoginToWebsite -->
      </class> <!-- Login.Login -->
    </test> <!-- Default test -->
  </suite> <!-- Default suite -->
</testng-results>
