<?xml version="1.0" encoding="UTF-8"?>
<!-- Generated by org.testng.reporters.JUnitXMLReporter -->
<testsuite ignored="0" hostname="ManasPC" failures="0" tests="3" name="Default test" time="165.276" errors="0" timestamp="2023-03-03T21:40:11 CST">
  <testcase classname="CovidData.HospitalData" name="LoadPage" time="5.546"/>
  <testcase classname="CovidData.HospitalData" name="LoadAllData" time="15.563"/>
  <testcase classname="CovidData.HospitalData" name="DisplayData" time="144.075"/>
</testsuite> <!-- Default test -->
